6527
14186
40144
47943
85373
191440
225049
271518
297573
350037
425991
504737
0.5
0.5
0.5
0.5
0.5
0.5
0.5
0.5
0.5
0.5
0.5
0.5
0.5
0.5
0.5
0.5
0.5
0.5
0.5
0.5
0.5
0.5
0.5
0.5
0.5
0.5
0.5
0.5
0.5
0.5
0.5
0.5
0.5
0.5
0.5
0.5
0.5
0.5
0.5
0.5
0.5
0.5
0.5
0.5
0.5
0.5
0.5
0.5
0.192308
0.192308
0.192308
0.192308
0.192308
0.192308
0.192308
0.192308
0.192308
0.192308
0.192308
0.192308
0.192308
0.192308
0.192308
0.192308
0.192308
0.192308
0.192308
0.192308
0.192308
0.192308
0.192308
0.192308
0.192308
0.192308
0.192308
0.192308
0.192308
0.192308
0.192308
0.192308
0.192308
0.192308
0.192308
0.192308
0.192308
0.192308
0.192308
0.192308
0.192308
0.192308
0.192308
0.192308
0.192308
0.192308
0.192308
0.192308
0.192308
0.192308
0.192308
0.192308
0.192308
0.192308
0.192308
0.192308
0.192308
0.192308
0.192308
0.192308
0.192308
0.192308
0.192308
0.192308
0.192308
0.192308
0.192308
0.192308
0.192308
0.192308
0.192308
0.192308
0.192308
0.192308
0.192308
0.192308
0.192308
0.192308
0.192308
0.192308
0.192308
0.192308
0.192308
0.192308
0.192308
0.192308
0.192308
0.192308
0.192308
0.192308
0.192308
0.192308
0.192308
0.192308
0.192308
0.192308
0.192308
0.192308
0.192308
0.192308
0.192308
0.192308
0.192308
0.192308
0.192308
0.192308
0.192308
0.192308
0.192308
0.192308
0.192308
0.192308
0.192308
0.192308
0.192308
0.192308
0.192308
0.192308
0.192308
0.192308
0.192308
0.192308
0.192308
0.187876
0.187876
0.187876
0.187876
0.187876
0.187876
0.187876
0.187876
0.187876
0.187876
0.187876
0.187876
0.187876
0.187876
0.187876
0.187876
0.187876
0.187876
0.187876
0.187876
0.187876
0.187876
0.187876
0.187876
0.187876
0.187876
0.187876
0.187876
0.187876
0.187876
0.187876
0.187876
0.187876
0.187876
0.187876
0.187876
0.187876
0.187876
0.187876
0.187876
0.187876
0.187876
0.187876
0.187876
0.187876
0.187876
0.187876
0.187876
0.187876
0.187876
0.187876
0.187876
0.187876
0.187876
0.187876
0.187876
0.187876
0.187876
0.187876
0.187876
0.187876
0.187876
0.187876
0.187876
0.187876
0.187876
0.187876
0.187876
0.187876
0.187876
0.187876
0.187876
0.187876
0.187876
0.187876
0.187876
0.187876
0.187876
0.187876
0.187876
0.187876
0.187876
0.187876
0.187876
0.187876
0.187876
0.187876
0.187876
0.187876
0.187876
0.187876
0.187876
0.187876
0.187876
0.187876
0.187876
0.187876
0.187876
0.187876
0.187876
0.187876
0.187876
0.187876
0.177228
0.177228
0.177228
0.177228
0.177228
0.177228
0.177228
0.177228
0.177228
0.177228
0.177228
0.177228
0.177228
0.177228
0.177228
0.177228
0.177228
0.177228
0.177228
0.177228
0.177228
0.177228
0.177228
0.177228
0.177228
0.177228
0.177228
0.177228
0.177228
0.177228
0.177228
0.177228
0.177228
0.177228
0.177228
0.177228
0.177228
0.177228
0.177228
0.177228
0.177228
0.177228
0.177228
0.177228
0.177228
0.177228
0.177228
0.177228
0.177228
0.177228
0.177228
0.177228
0.177228
0.177228
0.177228
0.177228
0.177228
0.177228
0.177228
0.177228
0.177228
0.177228
0.177228
0.177228
0.177228
0.177228
0.177228
0.177228
0.177228
0.177228
0.177228
0.177228
0.177228
0.177228
0.177228
0.177228
0.177228
0.177228
0.177228
0.177228
0.177228
0.177228
0.177228
0.177228
0.177228
0.177228
0.177228
0.177228
0.177228
0.177228
0.177228
0.177228
0.177228
0.177228
0.177228
0.177228
0.177228
0.177228
0.177228
0.177228
0.177228
0.177228
0.177228
0.177228
0.177228
0.177228
0.177228
0.177228
0.177228
0.177228
0.177228
0.177228
0.177228
0.177228
0.177228
0.177228
0.177228
0.177228
0.177228
0.177228
0.177228
0.177228
0.177228
0.177228
0.177228
0.177228
0.177228
0.177228
0.177228
0.177228
0.177228
0.177228
0.177228
0.177228
0.177228
0.177228
0.177228
0.177228
0.177228
0.177228
0.177228
0.177228
0.177228
0.177228
0.177228
0.177228
0.177228
0.177228
0.177228
0.177228
0.177228
0.177228
0.177228
0.177228
0.177228
0.177228
0.177228
0.177228
0.177228
0.177228
0.177228
0.177228
0.177228
0.177228
0.177228
0.177228
0.177228
0.177228
0.177228
0.177228
0.177228
0.177228
0.177228
0.177228
0.177228
0.177228
0.177228
0.177228
0.177228
0.177228
0.177228
0.177228
0.177228
0.177228
0.177228
0.177228
0.177228
0.177228
0.177228
0.177228
0.177228
0.177228
0.177228
0.177228
0.177228
0.177228
0.177228
0.177228
0.177228
0.177228
0.177228
0.177228
0.177228
0.177228
0.177228
0.177228
0.177228
0.177228
0.177228
0.177228
0.177228
0.177228
0.177228
0.177228
0.177228
0.177228
0.177228
0.177228
0.177228
0.177228
0.177228
0.177228
0.177228
0.177228
0.177228
0.177228
0.177228
0.177228
0.177228
0.177228
0.177228
0.177228
0.177228
0.177228
0.177228
0.177228
0.177228
0.177228
0.177228
0.177228
0.177228
0.177228
0.0961538
0.0961538
0.0961538
0.0961538
0.0961538
0.0961538
0.0961538
0.0961538
0.0961538
0.0961538
0.0961538
0.0961538
0.0961538
0.0961538
0.0961538
0.0961538
0.0961538
0.0961538
0.0961538
0.0961538
0.0961538
0.0961538
0.0961538
0.0961538
0.0961538
0.0961538
0.0961538
0.0961538
0.0961538
0.0961538
0.0961538
0.0961538
0.0961538
0.0961538
0.0961538
0.0961538
