10439
18246
44018
81564
141233
202779
252006
275258
321349
378530
485256
542214
569377
570712
571988
573297
574675
576036
577286
578596
579935
581180
582576
583886
585277
612034
613270
614607
615929
617157
618391
619671
620951
622242
623471
624753
626155
627509
628845
630105
631352
632729
633956
635222
636468
637820
639161
640519
641918
643251
644535
645771
647069
648450
649849
651220
652477
653841
655187
656550
690551
691941
693255
694512
695885
697239
698505
699731
701055
702438
703782
705130
706496
707848
709087
710368
711594
712818
714117
715454
716788
718010
719422
720648
722049
723423
724684
725939
727316
728598
729953
731290
732632
733875
735093
736442
737724
739035
740409
741732
743006
744246
745581
746825
748199
749456
750743
752026
753253
754534
755838
757196
758461
759827
761177
762531
763867
765180
766548
767793
769017
770291
771539
772834
774065
775427
776654
777972
779328
780568
781793
783108
784400
785760
787164
788541
789835
791133
792452
793776
795077
796320
797687
798916
800216
801578
802878
804103
805366
806620
808006
809256
810552
811861
813115
814355
815638
817010
818268
819592
820971
822345
823631
824879
826258
827619
828929
830272
831546
832788
834046
835417
836666
837902
839203
840489
841743
842981
844328
845617
846877
848207
849551
881916
883270
884586
885884
887153
888547
889879
891287
892547
893817
895072
896305
897666
898958
900366
901644
903053
904431
905733
907108
908366
909645
910886
912252
913486
914798
916072
917390
918720
919940
921332
922676
924056
925429
926789
928041
929284
930663
931886
933137
934493
935778
937136
938404
939637
940976
942266
943527
944771
946045
947355
948706
949988
951292
952509
953756
954975
956283
957551
958917
960306
961629
963008
964225
965641
966985
968367
969722
970946
972195
973423
974713
976094
977422
978698
980014
981287
982612
983924
985153
986437
987725
989119
990522
991921
993253
994655
996030
997326
998581
999880
1001195
1002447
1003687
1004970
1006275
1007561
1008787
1010025
1011370
1012785
1014196
1015513
1047206
1048448
1049714
1051084
1052314
1053667
1054959
1056313
1057646
1059045
1060352
1061681
1062992
1064399
1065734
1067043
1068451
1069780
1071030
1072337
1073705
1074961
1076184
1077461
1078816
1080163
1081468
1082731
1084062
1085282
1086503
1087754
1089130
1090457
1091812
1093085
1094309
1095550
1096844
1098111
1099370
1100628
1101949
1103197
1104594
1105904
1107123
1108395
1109644
1110920
1112217
1113478
1114718
1116007
1117373
1118689
1119947
1121285
1122521
1123906
1125129
1126515
1127778
1129098
1130377
1131731
1133135
1134441
1135768
1137106
1138385
1139712
1141015
1142259
1143627
1144853
1146169
1147410
1148783
1150140
1151432
1152769
1154168
1155524
1156828
1158134
1159447
1160673
1161995
1163379
1164687
1165963
1167242
1168593
1169972
1171362
1172603
1173935
1175320
1176732
1178040
1179451
1180860
1182198
1183466
1184791
1186172
1187558
1188946
1190316
1191673
1192942
1194223
1195499
1196779
1198070
1199368
1200728
1202066
1203377
1204643
1205990
1207253
1208553
1209784
1211156
1212534
1213824
1215190
1216473
1217852
1219092
1220490
1221729
1223006
1224231
1225625
1226964
1228186
1229565
1230889
1232133
1233426
1234718
1235988
1237328
1238673
1239922
1241279
1242609
1243890
1245173
1246452
1247812
1249074
1250332
1251564
1252979
1254244
1255618
1256872
1258284
1259544
1260819
1262220
1263587
1264854
1266097
1267348
1268764
1270026
1271389
1272730
1274000
1275354
1276711
1277974
1279238
1280485
1281889
1283203
1284528
1285881
1287173
1288583
1289893
1291130
1292403
1293807
1295038
1296283
1297610
1298963
1300246
1301563
1302828
1304188
1305408
1306649
1307884
1309247
1310624
1312011
1313380
1314727
1316058
1317462
1318710
1320099
1321443
1322673
1323902
1325268
1326663
1327943
1329304
1330642
1331892
1333196
1334556
1335790
1337100
1338479
1339706
1341051
1342348
1343743
1345024
1346332
1347586
1348949
1350260
1351598
1352916
1354259
1355608
1356881
1358125
1359384
1360640
1361878
1363175
1397175
1398576
1399854
1401155
1402390
1403630
1405042
1406412
1407673
1409052
1410387
1411690
1413040
1414322
1415714
1417072
1418323
1419730
1421095
1422440
1423728
1424998
1426266
1427636
1429020
1463020
1464311
1465547
1466832
1468193
1469594
1471008
1472288
1473699
1474927
1507297
